0 info it worked if it ends with ok
1 verbose cli [ '/usr/bin/nodejs', '/usr/bin/npm', 'install', 'phantomcss' ]
2 info using npm@3.5.2
3 info using node@v4.2.6
4 silly loadCurrentTree Starting
5 silly install loadCurrentTree
6 silly install readLocalPackageData
7 silly fetchPackageMetaData phantomcss
8 silly fetchNamedPackageData phantomcss
9 silly mapToRegistry name phantomcss
10 silly mapToRegistry using default registry
11 silly mapToRegistry registry https://registry.npmjs.org/
12 silly mapToRegistry uri https://registry.npmjs.org/phantomcss
13 verbose request uri https://registry.npmjs.org/phantomcss
14 verbose request no auth needed
15 info attempt registry request try #1 at 3:06:08 PM
16 verbose request id acd08f25e35b6be7
17 verbose etag "A9AXDZU7PM638TFF7VAL0TF16"
18 http request GET https://registry.npmjs.org/phantomcss
19 http 304 https://registry.npmjs.org/phantomcss
20 verbose headers { date: 'Thu, 30 Jun 2016 18:06:29 GMT',
20 verbose headers   via: '1.1 varnish',
20 verbose headers   'cache-control': 'max-age=300',
20 verbose headers   etag: '"A9AXDZU7PM638TFF7VAL0TF16"',
20 verbose headers   age: '0',
20 verbose headers   connection: 'keep-alive',
20 verbose headers   'x-served-by': 'cache-jfk1043-JFK',
20 verbose headers   'x-cache': 'HIT',
20 verbose headers   'x-cache-hits': '1',
20 verbose headers   'x-timer': 'S1467309989.166045,VS0,VE97',
20 verbose headers   vary: 'Accept-Encoding' }
21 silly get cb [ 304,
21 silly get   { date: 'Thu, 30 Jun 2016 18:06:29 GMT',
21 silly get     via: '1.1 varnish',
21 silly get     'cache-control': 'max-age=300',
21 silly get     etag: '"A9AXDZU7PM638TFF7VAL0TF16"',
21 silly get     age: '0',
21 silly get     connection: 'keep-alive',
21 silly get     'x-served-by': 'cache-jfk1043-JFK',
21 silly get     'x-cache': 'HIT',
21 silly get     'x-cache-hits': '1',
21 silly get     'x-timer': 'S1467309989.166045,VS0,VE97',
21 silly get     vary: 'Accept-Encoding' } ]
22 verbose etag https://registry.npmjs.org/phantomcss from cache
23 verbose get saving phantomcss to /home/lbcoelho/.npm/registry.npmjs.org/phantomcss/.cache.json
24 silly install normalizeTree
25 silly loadCurrentTree Finishing
26 silly loadIdealTree Starting
27 silly install loadIdealTree
28 silly cloneCurrentTree Starting
29 silly install cloneCurrentTreeToIdealTree
30 silly cloneCurrentTree Finishing
31 silly loadShrinkwrap Starting
32 silly install loadShrinkwrap
33 silly loadShrinkwrap Finishing
34 silly loadAllDepsIntoIdealTree Starting
35 silly install loadAllDepsIntoIdealTree
36 silly resolveWithNewModule phantomcss@1.1.2 checking installable status
37 silly cache add args [ 'phantomcss', null ]
38 verbose cache add spec phantomcss
39 silly cache add parsed spec Result {
39 silly cache add   raw: 'phantomcss',
39 silly cache add   scope: null,
39 silly cache add   name: 'phantomcss',
39 silly cache add   rawSpec: '',
39 silly cache add   spec: 'latest',
39 silly cache add   type: 'tag' }
40 silly addNamed phantomcss@latest
41 verbose addNamed "latest" is being treated as a dist-tag for phantomcss
42 info addNameTag [ 'phantomcss', 'latest' ]
43 silly mapToRegistry name phantomcss
44 silly mapToRegistry using default registry
45 silly mapToRegistry registry https://registry.npmjs.org/
46 silly mapToRegistry uri https://registry.npmjs.org/phantomcss
47 verbose addNameTag registry:https://registry.npmjs.org/phantomcss not in flight; fetching
48 verbose get https://registry.npmjs.org/phantomcss not expired, no request
49 silly addNameTag next cb for phantomcss with tag latest
50 silly addNamed phantomcss@1.1.2
51 verbose addNamed "1.1.2" is a plain semver version for phantomcss
52 silly cache afterAdd phantomcss@1.1.2
53 verbose afterAdd /home/lbcoelho/.npm/phantomcss/1.1.2/package/package.json not in flight; writing
54 verbose afterAdd /home/lbcoelho/.npm/phantomcss/1.1.2/package/package.json written
55 silly fetchNamedPackageData phantomjs-prebuilt
56 silly mapToRegistry name phantomjs-prebuilt
57 silly mapToRegistry using default registry
58 silly mapToRegistry registry https://registry.npmjs.org/
59 silly mapToRegistry uri https://registry.npmjs.org/phantomjs-prebuilt
60 silly fetchNamedPackageData resemblejs
61 silly mapToRegistry name resemblejs
62 silly mapToRegistry using default registry
63 silly mapToRegistry registry https://registry.npmjs.org/
64 silly mapToRegistry uri https://registry.npmjs.org/resemblejs
65 silly fetchOtherPackageData casperjs@git://github.com/n1k0/casperjs.git
66 silly cache add args [ 'casperjs@git://github.com/n1k0/casperjs.git', null ]
67 verbose cache add spec casperjs@git://github.com/n1k0/casperjs.git
68 silly cache add parsed spec Result {
68 silly cache add   raw: 'casperjs@git://github.com/n1k0/casperjs.git',
68 silly cache add   scope: null,
68 silly cache add   name: 'casperjs',
68 silly cache add   rawSpec: 'git://github.com/n1k0/casperjs.git',
68 silly cache add   spec: 'git://github.com/n1k0/casperjs.git',
68 silly cache add   type: 'hosted',
68 silly cache add   hosted:
68 silly cache add    { type: 'github',
68 silly cache add      ssh: 'git@github.com:n1k0/casperjs.git',
68 silly cache add      sshUrl: 'git+ssh://git@github.com/n1k0/casperjs.git',
68 silly cache add      httpsUrl: 'git+https://github.com/n1k0/casperjs.git',
68 silly cache add      gitUrl: 'git://github.com/n1k0/casperjs.git',
68 silly cache add      shortcut: 'github:n1k0/casperjs',
68 silly cache add      directUrl: 'https://raw.githubusercontent.com/n1k0/casperjs/master/package.json' } }
69 verbose addRemoteGit caching git://github.com/n1k0/casperjs.git
70 verbose addRemoteGit git://github.com/n1k0/casperjs.git is a repository hosted by github
71 silly tryClone cloning git://github.com/n1k0/casperjs.git via git://github.com/n1k0/casperjs.git
72 verbose tryClone git-github-com-n1k0-casperjs-git-9ed4eeeb not in flight; caching
73 verbose request uri https://registry.npmjs.org/resemblejs
74 verbose request no auth needed
75 info attempt registry request try #1 at 3:06:09 PM
76 verbose etag "3HRV43AGBAKW2E9UQYS942SXC"
77 http request GET https://registry.npmjs.org/resemblejs
78 verbose request uri https://registry.npmjs.org/phantomjs-prebuilt
79 verbose request no auth needed
80 info attempt registry request try #1 at 3:06:09 PM
81 verbose etag "4WVDC9LSYATP49XA9M5LV3781"
82 http request GET https://registry.npmjs.org/phantomjs-prebuilt
83 info git [ 'clone',
83 info git   '--template=/home/lbcoelho/.npm/_git-remotes/_templates',
83 info git   '--mirror',
83 info git   'git://github.com/n1k0/casperjs.git',
83 info git   '/home/lbcoelho/.npm/_git-remotes/git-github-com-n1k0-casperjs-git-9ed4eeeb' ]
84 http 200 https://registry.npmjs.org/phantomjs-prebuilt
85 verbose headers { server: 'CouchDB/1.6.1 (Erlang OTP/R16B03)',
85 verbose headers   etag: '"8CVGCT520C7UZLK23HAB89Y7G"',
85 verbose headers   'content-type': 'application/json',
85 verbose headers   'content-encoding': 'gzip',
85 verbose headers   'cache-control': 'max-age=300',
85 verbose headers   'content-length': '5971',
85 verbose headers   'accept-ranges': 'bytes',
85 verbose headers   date: 'Thu, 30 Jun 2016 18:06:29 GMT',
85 verbose headers   via: '1.1 varnish',
85 verbose headers   age: '263',
85 verbose headers   connection: 'keep-alive',
85 verbose headers   'x-served-by': 'cache-jfk1037-JFK',
85 verbose headers   'x-cache': 'HIT',
85 verbose headers   'x-cache-hits': '1',
85 verbose headers   'x-timer': 'S1467309989.894425,VS0,VE0',
85 verbose headers   vary: 'Accept-Encoding' }
86 silly get cb [ 200,
86 silly get   { server: 'CouchDB/1.6.1 (Erlang OTP/R16B03)',
86 silly get     etag: '"8CVGCT520C7UZLK23HAB89Y7G"',
86 silly get     'content-type': 'application/json',
86 silly get     'content-encoding': 'gzip',
86 silly get     'cache-control': 'max-age=300',
86 silly get     'content-length': '5971',
86 silly get     'accept-ranges': 'bytes',
86 silly get     date: 'Thu, 30 Jun 2016 18:06:29 GMT',
86 silly get     via: '1.1 varnish',
86 silly get     age: '263',
86 silly get     connection: 'keep-alive',
86 silly get     'x-served-by': 'cache-jfk1037-JFK',
86 silly get     'x-cache': 'HIT',
86 silly get     'x-cache-hits': '1',
86 silly get     'x-timer': 'S1467309989.894425,VS0,VE0',
86 silly get     vary: 'Accept-Encoding' } ]
87 verbose get saving phantomjs-prebuilt to /home/lbcoelho/.npm/registry.npmjs.org/phantomjs-prebuilt/.cache.json
88 silly resolveWithNewModule phantomjs-prebuilt@2.1.7 checking installable status
89 silly cache add args [ 'phantomjs-prebuilt@^2.1.4', null ]
90 verbose cache add spec phantomjs-prebuilt@^2.1.4
91 silly cache add parsed spec Result {
91 silly cache add   raw: 'phantomjs-prebuilt@^2.1.4',
91 silly cache add   scope: null,
91 silly cache add   name: 'phantomjs-prebuilt',
91 silly cache add   rawSpec: '^2.1.4',
91 silly cache add   spec: '>=2.1.4 <3.0.0',
91 silly cache add   type: 'range' }
92 silly addNamed phantomjs-prebuilt@>=2.1.4 <3.0.0
93 verbose addNamed ">=2.1.4 <3.0.0" is a valid semver range for phantomjs-prebuilt
94 silly addNameRange { name: 'phantomjs-prebuilt',
94 silly addNameRange   range: '>=2.1.4 <3.0.0',
94 silly addNameRange   hasData: false }
95 silly mapToRegistry name phantomjs-prebuilt
96 silly mapToRegistry using default registry
97 silly mapToRegistry registry https://registry.npmjs.org/
98 silly mapToRegistry uri https://registry.npmjs.org/phantomjs-prebuilt
99 verbose addNameRange registry:https://registry.npmjs.org/phantomjs-prebuilt not in flight; fetching
100 verbose get https://registry.npmjs.org/phantomjs-prebuilt not expired, no request
101 silly addNameRange number 2 { name: 'phantomjs-prebuilt',
101 silly addNameRange   range: '>=2.1.4 <3.0.0',
101 silly addNameRange   hasData: true }
102 silly addNameRange versions [ 'phantomjs-prebuilt',
102 silly addNameRange   [ '2.1.2', '2.1.3', '2.1.4', '2.1.5', '2.1.6', '2.1.7' ] ]
103 silly addNamed phantomjs-prebuilt@2.1.7
104 verbose addNamed "2.1.7" is a plain semver version for phantomjs-prebuilt
105 silly cache afterAdd phantomjs-prebuilt@2.1.7
106 verbose afterAdd /home/lbcoelho/.npm/phantomjs-prebuilt/2.1.7/package/package.json not in flight; writing
107 verbose afterAdd /home/lbcoelho/.npm/phantomjs-prebuilt/2.1.7/package/package.json written
108 http 304 https://registry.npmjs.org/resemblejs
109 verbose headers { date: 'Thu, 30 Jun 2016 18:06:29 GMT',
109 verbose headers   via: '1.1 varnish',
109 verbose headers   'cache-control': 'max-age=300',
109 verbose headers   etag: '"3HRV43AGBAKW2E9UQYS942SXC"',
109 verbose headers   age: '0',
109 verbose headers   connection: 'keep-alive',
109 verbose headers   'x-served-by': 'cache-jfk1034-JFK',
109 verbose headers   'x-cache': 'MISS',
109 verbose headers   'x-cache-hits': '0',
109 verbose headers   'x-timer': 'S1467309989.905111,VS0,VE103',
109 verbose headers   vary: 'Accept-Encoding' }
110 silly get cb [ 304,
110 silly get   { date: 'Thu, 30 Jun 2016 18:06:29 GMT',
110 silly get     via: '1.1 varnish',
110 silly get     'cache-control': 'max-age=300',
110 silly get     etag: '"3HRV43AGBAKW2E9UQYS942SXC"',
110 silly get     age: '0',
110 silly get     connection: 'keep-alive',
110 silly get     'x-served-by': 'cache-jfk1034-JFK',
110 silly get     'x-cache': 'MISS',
110 silly get     'x-cache-hits': '0',
110 silly get     'x-timer': 'S1467309989.905111,VS0,VE103',
110 silly get     vary: 'Accept-Encoding' } ]
111 verbose etag https://registry.npmjs.org/resemblejs from cache
112 verbose get saving resemblejs to /home/lbcoelho/.npm/registry.npmjs.org/resemblejs/.cache.json
113 silly resolveWithNewModule resemblejs@2.2.1 checking installable status
114 silly cache add args [ 'resemblejs@^2.2.0', null ]
115 verbose cache add spec resemblejs@^2.2.0
116 silly cache add parsed spec Result {
116 silly cache add   raw: 'resemblejs@^2.2.0',
116 silly cache add   scope: null,
116 silly cache add   name: 'resemblejs',
116 silly cache add   rawSpec: '^2.2.0',
116 silly cache add   spec: '>=2.2.0 <3.0.0',
116 silly cache add   type: 'range' }
117 silly addNamed resemblejs@>=2.2.0 <3.0.0
118 verbose addNamed ">=2.2.0 <3.0.0" is a valid semver range for resemblejs
119 silly addNameRange { name: 'resemblejs', range: '>=2.2.0 <3.0.0', hasData: false }
120 silly mapToRegistry name resemblejs
121 silly mapToRegistry using default registry
122 silly mapToRegistry registry https://registry.npmjs.org/
123 silly mapToRegistry uri https://registry.npmjs.org/resemblejs
124 verbose addNameRange registry:https://registry.npmjs.org/resemblejs not in flight; fetching
125 verbose get https://registry.npmjs.org/resemblejs not expired, no request
126 silly addNameRange number 2 { name: 'resemblejs', range: '>=2.2.0 <3.0.0', hasData: true }
127 silly addNameRange versions [ 'resemblejs',
127 silly addNameRange   [ '1.0.0',
127 silly addNameRange     '1.0.1',
127 silly addNameRange     '1.1.1',
127 silly addNameRange     '1.1.2',
127 silly addNameRange     '1.1.3',
127 silly addNameRange     '1.2.0',
127 silly addNameRange     '1.2.1',
127 silly addNameRange     '1.3.0',
127 silly addNameRange     '1.3.1',
127 silly addNameRange     '2.0.1',
127 silly addNameRange     '2.1.0',
127 silly addNameRange     '2.2.0',
127 silly addNameRange     '2.2.1' ] ]
128 silly addNamed resemblejs@2.2.1
129 verbose addNamed "2.2.1" is a plain semver version for resemblejs
130 silly cache afterAdd resemblejs@2.2.1
131 verbose afterAdd /home/lbcoelho/.npm/resemblejs/2.2.1/package/package.json not in flight; writing
132 verbose afterAdd /home/lbcoelho/.npm/resemblejs/2.2.1/package/package.json written
133 error git clone --template=/home/lbcoelho/.npm/_git-remotes/_templates --mirror git://github.com/n1k0/casperjs.git /home/lbcoelho/.npm/_git-remotes/git-github-com-n1k0-casperjs-git-9ed4eeeb: Cloning into bare repository '/home/lbcoelho/.npm/_git-remotes/git-github-com-n1k0-casperjs-git-9ed4eeeb'...
133 error git clone --template=/home/lbcoelho/.npm/_git-remotes/_templates --mirror git://github.com/n1k0/casperjs.git /home/lbcoelho/.npm/_git-remotes/git-github-com-n1k0-casperjs-git-9ed4eeeb: fatal: unable to connect to github.com:
133 error git clone --template=/home/lbcoelho/.npm/_git-remotes/_templates --mirror git://github.com/n1k0/casperjs.git /home/lbcoelho/.npm/_git-remotes/git-github-com-n1k0-casperjs-git-9ed4eeeb: github.com[0: 192.30.253.113]: errno=Connection timed out
134 silly fetchPackageMetaData Error: Command failed: git clone --template=/home/lbcoelho/.npm/_git-remotes/_templates --mirror git://github.com/n1k0/casperjs.git /home/lbcoelho/.npm/_git-remotes/git-github-com-n1k0-casperjs-git-9ed4eeeb
134 silly fetchPackageMetaData Cloning into bare repository '/home/lbcoelho/.npm/_git-remotes/git-github-com-n1k0-casperjs-git-9ed4eeeb'...
134 silly fetchPackageMetaData fatal: unable to connect to github.com:
134 silly fetchPackageMetaData github.com[0: 192.30.253.113]: errno=Connection timed out
134 silly fetchPackageMetaData
134 silly fetchPackageMetaData
134 silly fetchPackageMetaData     at ChildProcess.exithandler (child_process.js:213:12)
134 silly fetchPackageMetaData     at emitTwo (events.js:87:13)
134 silly fetchPackageMetaData     at ChildProcess.emit (events.js:172:7)
134 silly fetchPackageMetaData     at maybeClose (internal/child_process.js:821:16)
134 silly fetchPackageMetaData     at Process.ChildProcess._handle.onexit (internal/child_process.js:211:5)
134 silly fetchPackageMetaData  error for casperjs@git://github.com/n1k0/casperjs.git { [Error: Command failed: git clone --template=/home/lbcoelho/.npm/_git-remotes/_templates --mirror git://github.com/n1k0/casperjs.git /home/lbcoelho/.npm/_git-remotes/git-github-com-n1k0-casperjs-git-9ed4eeeb
134 silly fetchPackageMetaData Cloning into bare repository '/home/lbcoelho/.npm/_git-remotes/git-github-com-n1k0-casperjs-git-9ed4eeeb'...
134 silly fetchPackageMetaData fatal: unable to connect to github.com:
134 silly fetchPackageMetaData github.com[0: 192.30.253.113]: errno=Connection timed out
134 silly fetchPackageMetaData
134 silly fetchPackageMetaData ]
134 silly fetchPackageMetaData   killed: false,
134 silly fetchPackageMetaData   code: 128,
134 silly fetchPackageMetaData   signal: null,
134 silly fetchPackageMetaData   cmd: 'git clone --template=/home/lbcoelho/.npm/_git-remotes/_templates --mirror git://github.com/n1k0/casperjs.git /home/lbcoelho/.npm/_git-remotes/git-github-com-n1k0-casperjs-git-9ed4eeeb' }
135 silly rollbackFailedOptional Starting
136 silly rollbackFailedOptional Finishing
137 silly runTopLevelLifecycles Starting
138 silly runTopLevelLifecycles Finishing
139 silly install printInstalled
140 verbose stack Error: Command failed: git clone --template=/home/lbcoelho/.npm/_git-remotes/_templates --mirror git://github.com/n1k0/casperjs.git /home/lbcoelho/.npm/_git-remotes/git-github-com-n1k0-casperjs-git-9ed4eeeb
140 verbose stack Cloning into bare repository '/home/lbcoelho/.npm/_git-remotes/git-github-com-n1k0-casperjs-git-9ed4eeeb'...
140 verbose stack fatal: unable to connect to github.com:
140 verbose stack github.com[0: 192.30.253.113]: errno=Connection timed out
140 verbose stack
140 verbose stack
140 verbose stack     at ChildProcess.exithandler (child_process.js:213:12)
140 verbose stack     at emitTwo (events.js:87:13)
140 verbose stack     at ChildProcess.emit (events.js:172:7)
140 verbose stack     at maybeClose (internal/child_process.js:821:16)
140 verbose stack     at Process.ChildProcess._handle.onexit (internal/child_process.js:211:5)
141 verbose cwd /home/lbcoelho/workspace/visualTest
142 error Linux 4.4.0-21-generic
143 error argv "/usr/bin/nodejs" "/usr/bin/npm" "install" "phantomcss"
144 error node v4.2.6
145 error npm  v3.5.2
146 error code 128
147 error Command failed: git clone --template=/home/lbcoelho/.npm/_git-remotes/_templates --mirror git://github.com/n1k0/casperjs.git /home/lbcoelho/.npm/_git-remotes/git-github-com-n1k0-casperjs-git-9ed4eeeb
147 error Cloning into bare repository '/home/lbcoelho/.npm/_git-remotes/git-github-com-n1k0-casperjs-git-9ed4eeeb'...
147 error fatal: unable to connect to github.com:
147 error github.com[0: 192.30.253.113]: errno=Connection timed out
148 error If you need help, you may report this error at:
148 error     <https://github.com/npm/npm/issues>
149 verbose exit [ 1, true ]
